2019-06-26T05:31:20+00:00 CRITICAL syntax error, unexpected 'ids' (T_STRING), expecting ']' in /home/codemymobile/Downloads/wordpress-5.2.1/wordpress/wp-content/themes/storefront/testimonial.php on line 26

2019-06-26T05:31:23+00:00 CRITICAL syntax error, unexpected 'ids' (T_STRING), expecting ']' in /home/codemymobile/Downloads/wordpress-5.2.1/wordpress/wp-content/themes/storefront/testimonial.php on line 26

2019-06-26T05:31:32+00:00 CRITICAL syntax error, unexpected 'ids' (T_STRING), expecting ']' in /home/codemymobile/Downloads/wordpress-5.2.1/wordpress/wp-content/themes/storefront/testimonial.php on line 26

2019-06-26T05:32:55+00:00 CRITICAL syntax error, unexpected 'ids' (T_STRING), expecting ']' in /home/codemymobile/Downloads/wordpress-5.2.1/wordpress/wp-content/themes/storefront/testimonial.php on line 26

2019-06-26T05:33:41+00:00 CRITICAL syntax error, unexpected 'ids' (T_STRING), expecting ']' in /home/codemymobile/Downloads/wordpress-5.2.1/wordpress/wp-content/themes/storefront/testimonial.php on line 26

2019-06-26T05:33:42+00:00 CRITICAL syntax error, unexpected 'ids' (T_STRING), expecting ']' in /home/codemymobile/Downloads/wordpress-5.2.1/wordpress/wp-content/themes/storefront/testimonial.php on line 26

2019-06-26T05:34:05+00:00 CRITICAL syntax error, unexpected 'ids' (T_STRING), expecting ']' in /home/codemymobile/Downloads/wordpress-5.2.1/wordpress/wp-content/themes/storefront/testimonial.php on line 26

2019-06-26T05:34:06+00:00 CRITICAL syntax error, unexpected 'ids' (T_STRING), expecting ']' in /home/codemymobile/Downloads/wordpress-5.2.1/wordpress/wp-content/themes/storefront/testimonial.php on line 26

2019-06-26T05:40:20+00:00 CRITICAL syntax error, unexpected ';' in /home/codemymobile/Downloads/wordpress-5.2.1/wordpress/wp-content/themes/storefront/functions.php on line 296

2019-06-26T05:40:35+00:00 CRITICAL syntax error, unexpected ';' in /home/codemymobile/Downloads/wordpress-5.2.1/wordpress/wp-content/themes/storefront/functions.php on line 296

2019-06-26T05:40:50+00:00 CRITICAL syntax error, unexpected ';' in /home/codemymobile/Downloads/wordpress-5.2.1/wordpress/wp-content/themes/storefront/functions.php on line 296

2019-06-26T05:41:05+00:00 CRITICAL syntax error, unexpected ';' in /home/codemymobile/Downloads/wordpress-5.2.1/wordpress/wp-content/themes/storefront/functions.php on line 296

2019-06-26T05:42:16+00:00 CRITICAL syntax error, unexpected ';' in /home/codemymobile/Downloads/wordpress-5.2.1/wordpress/wp-content/themes/storefront/functions.php on line 296

2019-06-26T05:42:31+00:00 CRITICAL syntax error, unexpected ';' in /home/codemymobile/Downloads/wordpress-5.2.1/wordpress/wp-content/themes/storefront/functions.php on line 296

2019-06-26T05:43:23+00:00 CRITICAL syntax error, unexpected ';' in /home/codemymobile/Downloads/wordpress-5.2.1/wordpress/wp-content/themes/storefront/functions.php on line 296

2019-06-26T05:43:26+00:00 CRITICAL syntax error, unexpected ';' in /home/codemymobile/Downloads/wordpress-5.2.1/wordpress/wp-content/themes/storefront/functions.php on line 296

2019-06-26T05:43:26+00:00 CRITICAL syntax error, unexpected ';' in /home/codemymobile/Downloads/wordpress-5.2.1/wordpress/wp-content/themes/storefront/functions.php on line 296

2019-06-26T05:43:29+00:00 CRITICAL syntax error, unexpected ';' in /home/codemymobile/Downloads/wordpress-5.2.1/wordpress/wp-content/themes/storefront/functions.php on line 296

2019-06-26T05:43:30+00:00 CRITICAL syntax error, unexpected ';' in /home/codemymobile/Downloads/wordpress-5.2.1/wordpress/wp-content/themes/storefront/functions.php on line 296

2019-06-26T05:43:45+00:00 CRITICAL syntax error, unexpected ';' in /home/codemymobile/Downloads/wordpress-5.2.1/wordpress/wp-content/themes/storefront/functions.php on line 296

2019-06-26T05:43:46+00:00 CRITICAL syntax error, unexpected ';' in /home/codemymobile/Downloads/wordpress-5.2.1/wordpress/wp-content/themes/storefront/functions.php on line 296

2019-06-26T05:43:48+00:00 CRITICAL syntax error, unexpected ';' in /home/codemymobile/Downloads/wordpress-5.2.1/wordpress/wp-content/themes/storefront/functions.php on line 296

2019-06-26T05:44:00+00:00 CRITICAL syntax error, unexpected ';' in /home/codemymobile/Downloads/wordpress-5.2.1/wordpress/wp-content/themes/storefront/functions.php on line 296

2019-06-26T05:44:04+00:00 CRITICAL syntax error, unexpected ';' in /home/codemymobile/Downloads/wordpress-5.2.1/wordpress/wp-content/themes/storefront/functions.php on line 296

2019-06-26T05:44:21+00:00 CRITICAL syntax error, unexpected ';' in /home/codemymobile/Downloads/wordpress-5.2.1/wordpress/wp-content/themes/storefront/functions.php on line 296

2019-06-26T05:44:22+00:00 CRITICAL syntax error, unexpected ';' in /home/codemymobile/Downloads/wordpress-5.2.1/wordpress/wp-content/themes/storefront/functions.php on line 296

2019-06-26T05:44:38+00:00 CRITICAL syntax error, unexpected ';' in /home/codemymobile/Downloads/wordpress-5.2.1/wordpress/wp-content/themes/storefront/functions.php on line 296

2019-06-26T05:44:54+00:00 CRITICAL syntax error, unexpected ';' in /home/codemymobile/Downloads/wordpress-5.2.1/wordpress/wp-content/themes/storefront/functions.php on line 296

2019-06-26T05:44:54+00:00 CRITICAL syntax error, unexpected ';' in /home/codemymobile/Downloads/wordpress-5.2.1/wordpress/wp-content/themes/storefront/functions.php on line 296

2019-06-26T05:44:54+00:00 CRITICAL syntax error, unexpected ';' in /home/codemymobile/Downloads/wordpress-5.2.1/wordpress/wp-content/themes/storefront/functions.php on line 296

2019-06-26T05:44:55+00:00 CRITICAL syntax error, unexpected ';' in /home/codemymobile/Downloads/wordpress-5.2.1/wordpress/wp-content/themes/storefront/functions.php on line 296

2019-06-26T05:44:55+00:00 CRITICAL syntax error, unexpected ';' in /home/codemymobile/Downloads/wordpress-5.2.1/wordpress/wp-content/themes/storefront/functions.php on line 296

2019-06-26T05:44:55+00:00 CRITICAL syntax error, unexpected ';' in /home/codemymobile/Downloads/wordpress-5.2.1/wordpress/wp-content/themes/storefront/functions.php on line 296

2019-06-26T05:44:55+00:00 CRITICAL syntax error, unexpected ';' in /home/codemymobile/Downloads/wordpress-5.2.1/wordpress/wp-content/themes/storefront/functions.php on line 296

2019-06-26T05:44:56+00:00 CRITICAL syntax error, unexpected ';' in /home/codemymobile/Downloads/wordpress-5.2.1/wordpress/wp-content/themes/storefront/functions.php on line 296

2019-06-26T05:45:32+00:00 CRITICAL syntax error, unexpected ';' in /home/codemymobile/Downloads/wordpress-5.2.1/wordpress/wp-content/themes/storefront/functions.php on line 296

2019-06-26T05:45:32+00:00 CRITICAL syntax error, unexpected ';' in /home/codemymobile/Downloads/wordpress-5.2.1/wordpress/wp-content/themes/storefront/functions.php on line 296

2019-06-26T05:45:33+00:00 CRITICAL syntax error, unexpected ';' in /home/codemymobile/Downloads/wordpress-5.2.1/wordpress/wp-content/themes/storefront/functions.php on line 296

2019-06-26T05:45:33+00:00 CRITICAL syntax error, unexpected ';' in /home/codemymobile/Downloads/wordpress-5.2.1/wordpress/wp-content/themes/storefront/functions.php on line 296

2019-06-26T05:45:41+00:00 CRITICAL syntax error, unexpected ';' in /home/codemymobile/Downloads/wordpress-5.2.1/wordpress/wp-content/themes/storefront/functions.php on line 296

2019-06-26T05:46:07+00:00 CRITICAL syntax error, unexpected ';' in /home/codemymobile/Downloads/wordpress-5.2.1/wordpress/wp-content/themes/storefront/functions.php on line 296

2019-06-26T05:46:08+00:00 CRITICAL syntax error, unexpected ';' in /home/codemymobile/Downloads/wordpress-5.2.1/wordpress/wp-content/themes/storefront/functions.php on line 296

2019-06-26T05:46:08+00:00 CRITICAL syntax error, unexpected ';' in /home/codemymobile/Downloads/wordpress-5.2.1/wordpress/wp-content/themes/storefront/functions.php on line 296

2019-06-26T05:46:09+00:00 CRITICAL syntax error, unexpected ';' in /home/codemymobile/Downloads/wordpress-5.2.1/wordpress/wp-content/themes/storefront/functions.php on line 296

2019-06-26T05:46:09+00:00 CRITICAL syntax error, unexpected ';' in /home/codemymobile/Downloads/wordpress-5.2.1/wordpress/wp-content/themes/storefront/functions.php on line 296

2019-06-26T05:46:10+00:00 CRITICAL syntax error, unexpected ';' in /home/codemymobile/Downloads/wordpress-5.2.1/wordpress/wp-content/themes/storefront/functions.php on line 296

2019-06-26T05:48:00+00:00 CRITICAL syntax error, unexpected ';' in /home/codemymobile/Downloads/wordpress-5.2.1/wordpress/wp-content/themes/storefront/functions.php on line 296

2019-06-26T07:09:12+00:00 CRITICAL Uncaught ArgumentCountError: Too few arguments to function wp_register_sidebar_widget(), 2 passed in /home/codemymobile/Downloads/wordpress-5.2.1/wordpress/wp-content/plugins/testimonials-pro-master/testimonials-pro.php on line 485 and at least 3 expected in /home/codemymobile/Downloads/wordpress-5.2.1/wordpress/wp-includes/widgets.php:341
Stack trace:
#0 /home/codemymobile/Downloads/wordpress-5.2.1/wordpress/wp-content/plugins/testimonials-pro-master/testimonials-pro.php(485): wp_register_sidebar_widget('Testimonials Pr...', 'TP_Widget')
#1 /home/codemymobile/Downloads/wordpress-5.2.1/wordpress/wp-includes/class-wp-hook.php(286): TP_Init('')
#2 /home/codemymobile/Downloads/wordpress-5.2.1/wordpress/wp-includes/class-wp-hook.php(310): WP_Hook->apply_filters(NULL, Array)
#3 /home/codemymobile/Downloads/wordpress-5.2.1/wordpress/wp-includes/plugin.php(465): WP_Hook->do_action(Array)
#4 /home/codemymobile/Downloads/wordpress-5.2.1/wordpress/wp-settings.php(394): do_action('plugins_loaded')
#5 /home/codemymobile/ in /home/codemymobile/Downloads/wordpress-5.2.1/wordpress/wp-includes/widgets.php on line 341

2019-06-26T07:11:32+00:00 CRITICAL Uncaught Error: Call to undefined function mysql_real_escape_string() in /home/codemymobile/Downloads/wordpress-5.2.1/wordpress/wp-content/plugins/testimonials-pro-master/testimonials-pro.php:334
Stack trace:
#0 /home/codemymobile/Downloads/wordpress-5.2.1/wordpress/wp-includes/class-wp-hook.php(286): TP_Admin_Options('')
#1 /home/codemymobile/Downloads/wordpress-5.2.1/wordpress/wp-includes/class-wp-hook.php(310): WP_Hook->apply_filters('', Array)
#2 /home/codemymobile/Downloads/wordpress-5.2.1/wordpress/wp-includes/plugin.php(465): WP_Hook->do_action(Array)
#3 /home/codemymobile/Downloads/wordpress-5.2.1/wordpress/wp-admin/admin.php(253): do_action('toplevel_page_t...')
#4 {main}
  thrown in /home/codemymobile/Downloads/wordpress-5.2.1/wordpress/wp-content/plugins/testimonials-pro-master/testimonials-pro.php on line 334

2019-06-26T07:11:35+00:00 CRITICAL Uncaught Error: Call to undefined function mysql_real_escape_string() in /home/codemymobile/Downloads/wordpress-5.2.1/wordpress/wp-content/plugins/testimonials-pro-master/testimonials-pro.php:334
Stack trace:
#0 /home/codemymobile/Downloads/wordpress-5.2.1/wordpress/wp-includes/class-wp-hook.php(286): TP_Admin_Options('')
#1 /home/codemymobile/Downloads/wordpress-5.2.1/wordpress/wp-includes/class-wp-hook.php(310): WP_Hook->apply_filters('', Array)
#2 /home/codemymobile/Downloads/wordpress-5.2.1/wordpress/wp-includes/plugin.php(465): WP_Hook->do_action(Array)
#3 /home/codemymobile/Downloads/wordpress-5.2.1/wordpress/wp-admin/admin.php(253): do_action('toplevel_page_t...')
#4 {main}
  thrown in /home/codemymobile/Downloads/wordpress-5.2.1/wordpress/wp-content/plugins/testimonials-pro-master/testimonials-pro.php on line 334

2019-06-26T07:12:22+00:00 CRITICAL Uncaught Error: Call to undefined function mysql_real_escape_string() in /home/codemymobile/Downloads/wordpress-5.2.1/wordpress/wp-content/plugins/testimonials-pro-master/testimonials-pro.php:334
Stack trace:
#0 /home/codemymobile/Downloads/wordpress-5.2.1/wordpress/wp-includes/class-wp-hook.php(286): TP_Admin_Options('')
#1 /home/codemymobile/Downloads/wordpress-5.2.1/wordpress/wp-includes/class-wp-hook.php(310): WP_Hook->apply_filters('', Array)
#2 /home/codemymobile/Downloads/wordpress-5.2.1/wordpress/wp-includes/plugin.php(465): WP_Hook->do_action(Array)
#3 /home/codemymobile/Downloads/wordpress-5.2.1/wordpress/wp-admin/admin.php(253): do_action('toplevel_page_t...')
#4 {main}
  thrown in /home/codemymobile/Downloads/wordpress-5.2.1/wordpress/wp-content/plugins/testimonials-pro-master/testimonials-pro.php on line 334

2019-06-26T07:27:45+00:00 CRITICAL syntax error, unexpected 'to' (T_STRING) in /home/codemymobile/Downloads/wordpress-5.2.1/wordpress/wp-content/themes/storefront/functions.php on line 8

2019-06-26T07:27:46+00:00 CRITICAL syntax error, unexpected 'to' (T_STRING) in /home/codemymobile/Downloads/wordpress-5.2.1/wordpress/wp-content/themes/storefront/functions.php on line 8

2019-06-26T07:28:28+00:00 CRITICAL syntax error, unexpected 'to' (T_STRING) in /home/codemymobile/Downloads/wordpress-5.2.1/wordpress/wp-content/themes/storefront/functions.php on line 8

2019-06-26T07:28:29+00:00 CRITICAL syntax error, unexpected 'to' (T_STRING) in /home/codemymobile/Downloads/wordpress-5.2.1/wordpress/wp-content/themes/storefront/functions.php on line 8

2019-06-26T07:28:30+00:00 CRITICAL syntax error, unexpected 'to' (T_STRING) in /home/codemymobile/Downloads/wordpress-5.2.1/wordpress/wp-content/themes/storefront/functions.php on line 8

2019-06-26T07:28:30+00:00 CRITICAL syntax error, unexpected 'to' (T_STRING) in /home/codemymobile/Downloads/wordpress-5.2.1/wordpress/wp-content/themes/storefront/functions.php on line 8

2019-06-26T07:28:50+00:00 CRITICAL syntax error, unexpected '2019' (T_LNUMBER) in /home/codemymobile/Downloads/wordpress-5.2.1/wordpress/wp-content/themes/storefront/functions.php on line 470

2019-06-26T07:28:50+00:00 CRITICAL syntax error, unexpected '2019' (T_LNUMBER) in /home/codemymobile/Downloads/wordpress-5.2.1/wordpress/wp-content/themes/storefront/functions.php on line 470

2019-06-26T07:29:25+00:00 CRITICAL require_once(): Failed opening required '/home/codemymobile/Downloads/wordpress-5.2.1/wordpress/wp-content/themes/storefront/includes/class-strong-log.php' (include_path='.:/usr/share/php') in /home/codemymobile/Downloads/wordpress-5.2.1/wordpress/wp-content/themes/storefront/functions.php on line 204

2019-06-26T07:30:06+00:00 CRITICAL Uncaught Error: Call to undefined method Strong_Testimonials::includes() in /home/codemymobile/Downloads/wordpress-5.2.1/wordpress/wp-content/themes/storefront/functions.php:109
Stack trace:
#0 /home/codemymobile/Downloads/wordpress-5.2.1/wordpress/wp-content/themes/storefront/functions.php(393): Strong_Testimonials::instance()
#1 /home/codemymobile/Downloads/wordpress-5.2.1/wordpress/wp-content/themes/storefront/functions.php(396): WPMST()
#2 /home/codemymobile/Downloads/wordpress-5.2.1/wordpress/wp-settings.php(499): include('/home/codemymob...')
#3 /home/codemymobile/Downloads/wordpress-5.2.1/wordpress/wp-config.php(95): require_once('/home/codemymob...')
#4 /home/codemymobile/Downloads/wordpress-5.2.1/wordpress/wp-load.php(37): require_once('/home/codemymob...')
#5 /home/codemymobile/Downloads/wordpress-5.2.1/wordpress/wp-admin/admin.php(34): require_once('/home/codemymob...')
#6 /home/codemymobile/Downloads/wordpress-5.2.1/wordpress/wp-admin/plugin-install.php(16): require_once('/home/codemymob...')
#7 { in /home/codemymobile/Downloads/wordpress-5.2.1/wordpress/wp-content/themes/storefront/functions.php on line 109

2019-06-26T07:30:48+00:00 CRITICAL Uncaught Error: Class 'Strong_Testimonials_View_Shortcode' not found in /home/codemymobile/Downloads/wordpress-5.2.1/wordpress/wp-content/themes/storefront/functions.php:187
Stack trace:
#0 /home/codemymobile/Downloads/wordpress-5.2.1/wordpress/wp-includes/class-wp-hook.php(286): Strong_Testimonials->init('')
#1 /home/codemymobile/Downloads/wordpress-5.2.1/wordpress/wp-includes/class-wp-hook.php(310): WP_Hook->apply_filters(NULL, Array)
#2 /home/codemymobile/Downloads/wordpress-5.2.1/wordpress/wp-includes/plugin.php(465): WP_Hook->do_action(Array)
#3 /home/codemymobile/Downloads/wordpress-5.2.1/wordpress/wp-settings.php(525): do_action('init')
#4 /home/codemymobile/Downloads/wordpress-5.2.1/wordpress/wp-config.php(95): require_once('/home/codemymob...')
#5 /home/codemymobile/Downloads/wordpress-5.2.1/wordpress/wp-load.php(37): require_once('/home/codemymob...')
#6 /home/codemymobile/Downloads/wordpress-5.2.1/wordpress/wp-admin/admin.php(34): require_once('/home/codemymob...')
#7 /home/codemymobile/Downloads/w in /home/codemymobile/Downloads/wordpress-5.2.1/wordpress/wp-content/themes/storefront/functions.php on line 187

2019-06-26T07:30:48+00:00 CRITICAL Uncaught Error: Class 'Strong_Testimonials_View_Shortcode' not found in /home/codemymobile/Downloads/wordpress-5.2.1/wordpress/wp-content/themes/storefront/functions.php:187
Stack trace:
#0 /home/codemymobile/Downloads/wordpress-5.2.1/wordpress/wp-includes/class-wp-hook.php(286): Strong_Testimonials->init('')
#1 /home/codemymobile/Downloads/wordpress-5.2.1/wordpress/wp-includes/class-wp-hook.php(310): WP_Hook->apply_filters(NULL, Array)
#2 /home/codemymobile/Downloads/wordpress-5.2.1/wordpress/wp-includes/plugin.php(465): WP_Hook->do_action(Array)
#3 /home/codemymobile/Downloads/wordpress-5.2.1/wordpress/wp-settings.php(525): do_action('init')
#4 /home/codemymobile/Downloads/wordpress-5.2.1/wordpress/wp-config.php(95): require_once('/home/codemymob...')
#5 /home/codemymobile/Downloads/wordpress-5.2.1/wordpress/wp-load.php(37): require_once('/home/codemymob...')
#6 /home/codemymobile/Downloads/wordpress-5.2.1/wordpress/wp-cron.php(39): require_once('/home/codemymob...')
#7 {main}
  thrown in /home/codemymobile/Downloads/wordpress-5.2.1/wordpress/wp-content/themes/storefront/functions.php on line 187

2019-06-26T07:31:19+00:00 CRITICAL Uncaught Error: Class 'Strong_Testimonials_View_Shortcode' not found in /home/codemymobile/Downloads/wordpress-5.2.1/wordpress/wp-content/themes/storefront/functions.php:187
Stack trace:
#0 /home/codemymobile/Downloads/wordpress-5.2.1/wordpress/wp-includes/class-wp-hook.php(286): Strong_Testimonials->init('')
#1 /home/codemymobile/Downloads/wordpress-5.2.1/wordpress/wp-includes/class-wp-hook.php(310): WP_Hook->apply_filters(NULL, Array)
#2 /home/codemymobile/Downloads/wordpress-5.2.1/wordpress/wp-includes/plugin.php(465): WP_Hook->do_action(Array)
#3 /home/codemymobile/Downloads/wordpress-5.2.1/wordpress/wp-settings.php(525): do_action('init')
#4 /home/codemymobile/Downloads/wordpress-5.2.1/wordpress/wp-config.php(95): require_once('/home/codemymob...')
#5 /home/codemymobile/Downloads/wordpress-5.2.1/wordpress/wp-load.php(37): require_once('/home/codemymob...')
#6 /home/codemymobile/Downloads/wordpress-5.2.1/wordpress/wp-admin/admin.php(34): require_once('/home/codemymob...')
#7 /home/codemymobile/Downloads/w in /home/codemymobile/Downloads/wordpress-5.2.1/wordpress/wp-content/themes/storefront/functions.php on line 187

2019-06-26T12:45:45+00:00 CRITICAL syntax error, unexpected 'ids' (T_STRING), expecting ']' in /home/codemymobile/Downloads/wordpress-5.2.1/wordpress/wp-content/themes/storefront/testimonials.php on line 26

2019-06-26T12:46:16+00:00 CRITICAL syntax error, unexpected 'ids' (T_STRING), expecting ']' in /home/codemymobile/Downloads/wordpress-5.2.1/wordpress/wp-content/themes/storefront/testimonials.php on line 26

2019-06-26T12:46:17+00:00 CRITICAL syntax error, unexpected 'ids' (T_STRING), expecting ']' in /home/codemymobile/Downloads/wordpress-5.2.1/wordpress/wp-content/themes/storefront/testimonials.php on line 26

2019-06-26T12:46:17+00:00 CRITICAL syntax error, unexpected 'ids' (T_STRING), expecting ']' in /home/codemymobile/Downloads/wordpress-5.2.1/wordpress/wp-content/themes/storefront/testimonials.php on line 26

2019-06-26T12:46:18+00:00 CRITICAL syntax error, unexpected 'ids' (T_STRING), expecting ']' in /home/codemymobile/Downloads/wordpress-5.2.1/wordpress/wp-content/themes/storefront/testimonials.php on line 26

2019-06-26T12:46:18+00:00 CRITICAL syntax error, unexpected 'ids' (T_STRING), expecting ']' in /home/codemymobile/Downloads/wordpress-5.2.1/wordpress/wp-content/themes/storefront/testimonials.php on line 26

2019-06-26T12:46:19+00:00 CRITICAL syntax error, unexpected 'ids' (T_STRING), expecting ']' in /home/codemymobile/Downloads/wordpress-5.2.1/wordpress/wp-content/themes/storefront/testimonials.php on line 26

2019-06-26T12:46:19+00:00 CRITICAL syntax error, unexpected 'ids' (T_STRING), expecting ']' in /home/codemymobile/Downloads/wordpress-5.2.1/wordpress/wp-content/themes/storefront/testimonials.php on line 26

2019-06-26T12:47:03+00:00 CRITICAL syntax error, unexpected 'echo' (T_ECHO), expecting ',' or ';' in /home/codemymobile/Downloads/wordpress-5.2.1/wordpress/wp-content/themes/storefront/testimonials.php on line 38

2019-06-26T12:47:04+00:00 CRITICAL syntax error, unexpected 'echo' (T_ECHO), expecting ',' or ';' in /home/codemymobile/Downloads/wordpress-5.2.1/wordpress/wp-content/themes/storefront/testimonials.php on line 38

2019-06-26T12:47:04+00:00 CRITICAL syntax error, unexpected 'echo' (T_ECHO), expecting ',' or ';' in /home/codemymobile/Downloads/wordpress-5.2.1/wordpress/wp-content/themes/storefront/testimonials.php on line 38

2019-06-26T12:47:05+00:00 CRITICAL syntax error, unexpected 'echo' (T_ECHO), expecting ',' or ';' in /home/codemymobile/Downloads/wordpress-5.2.1/wordpress/wp-content/themes/storefront/testimonials.php on line 38

2019-06-26T12:47:29+00:00 CRITICAL syntax error, unexpected 'echo' (T_ECHO), expecting ',' or ';' in /home/codemymobile/Downloads/wordpress-5.2.1/wordpress/wp-content/themes/storefront/testimonials.php on line 38

2019-06-26T12:47:29+00:00 CRITICAL syntax error, unexpected 'echo' (T_ECHO), expecting ',' or ';' in /home/codemymobile/Downloads/wordpress-5.2.1/wordpress/wp-content/themes/storefront/testimonials.php on line 38

2019-06-26T12:47:30+00:00 CRITICAL syntax error, unexpected 'echo' (T_ECHO), expecting ',' or ';' in /home/codemymobile/Downloads/wordpress-5.2.1/wordpress/wp-content/themes/storefront/testimonials.php on line 38

2019-06-26T12:48:04+00:00 CRITICAL syntax error, unexpected ''<link href="//maxcdn.bootstra' (T_ENCAPSED_AND_WHITESPACE) in /home/codemymobile/Downloads/wordpress-5.2.1/wordpress/wp-content/themes/storefront/testimonials.php on line 8

2019-06-26T12:48:05+00:00 CRITICAL syntax error, unexpected ''<link href="//maxcdn.bootstra' (T_ENCAPSED_AND_WHITESPACE) in /home/codemymobile/Downloads/wordpress-5.2.1/wordpress/wp-content/themes/storefront/testimonials.php on line 8

2019-06-26T12:48:06+00:00 CRITICAL syntax error, unexpected ''<link href="//maxcdn.bootstra' (T_ENCAPSED_AND_WHITESPACE) in /home/codemymobile/Downloads/wordpress-5.2.1/wordpress/wp-content/themes/storefront/testimonials.php on line 8

2019-06-26T12:59:04+00:00 CRITICAL syntax error, unexpected '<', expecting end of file in /home/codemymobile/Downloads/wordpress-5.2.1/wordpress/wp-content/themes/storefront/testimonials.php on line 8

2019-06-26T12:59:32+00:00 CRITICAL syntax error, unexpected '<', expecting end of file in /home/codemymobile/Downloads/wordpress-5.2.1/wordpress/wp-content/themes/storefront/testimonials.php on line 17

2019-06-26T12:59:33+00:00 CRITICAL syntax error, unexpected '<', expecting end of file in /home/codemymobile/Downloads/wordpress-5.2.1/wordpress/wp-content/themes/storefront/testimonials.php on line 17

2019-06-26T12:59:34+00:00 CRITICAL syntax error, unexpected '<', expecting end of file in /home/codemymobile/Downloads/wordpress-5.2.1/wordpress/wp-content/themes/storefront/testimonials.php on line 17

2019-06-26T13:00:00+00:00 CRITICAL syntax error, unexpected '<', expecting end of file in /home/codemymobile/Downloads/wordpress-5.2.1/wordpress/wp-content/themes/storefront/testimonials.php on line 17

2019-06-26T13:00:01+00:00 CRITICAL syntax error, unexpected '<', expecting end of file in /home/codemymobile/Downloads/wordpress-5.2.1/wordpress/wp-content/themes/storefront/testimonials.php on line 17

2019-06-26T13:00:01+00:00 CRITICAL syntax error, unexpected '<', expecting end of file in /home/codemymobile/Downloads/wordpress-5.2.1/wordpress/wp-content/themes/storefront/testimonials.php on line 17

2019-06-26T13:00:02+00:00 CRITICAL syntax error, unexpected '<', expecting end of file in /home/codemymobile/Downloads/wordpress-5.2.1/wordpress/wp-content/themes/storefront/testimonials.php on line 17

2019-06-26T13:00:02+00:00 CRITICAL syntax error, unexpected '<', expecting end of file in /home/codemymobile/Downloads/wordpress-5.2.1/wordpress/wp-content/themes/storefront/testimonials.php on line 17

2019-06-26T13:00:02+00:00 CRITICAL syntax error, unexpected '<', expecting end of file in /home/codemymobile/Downloads/wordpress-5.2.1/wordpress/wp-content/themes/storefront/testimonials.php on line 17

2019-06-26T13:00:51+00:00 CRITICAL syntax error, unexpected '<', expecting end of file in /home/codemymobile/Downloads/wordpress-5.2.1/wordpress/wp-content/themes/storefront/testimonials.php on line 18

2019-06-26T13:00:52+00:00 CRITICAL syntax error, unexpected '<', expecting end of file in /home/codemymobile/Downloads/wordpress-5.2.1/wordpress/wp-content/themes/storefront/testimonials.php on line 18

2019-06-26T13:00:52+00:00 CRITICAL syntax error, unexpected '<', expecting end of file in /home/codemymobile/Downloads/wordpress-5.2.1/wordpress/wp-content/themes/storefront/testimonials.php on line 18

2019-06-26T13:23:46+00:00 CRITICAL syntax error, unexpected '<', expecting end of file in /home/codemymobile/Downloads/wordpress-5.2.1/wordpress/wp-content/themes/storefront/testimonials.php on line 17

2019-06-26T13:24:08+00:00 CRITICAL syntax error, unexpected '<', expecting end of file in /home/codemymobile/Downloads/wordpress-5.2.1/wordpress/wp-content/themes/storefront/testimonials.php on line 18

2019-06-26T13:24:08+00:00 CRITICAL syntax error, unexpected '<', expecting end of file in /home/codemymobile/Downloads/wordpress-5.2.1/wordpress/wp-content/themes/storefront/testimonials.php on line 18

2019-06-26T14:59:05+00:00 CRITICAL syntax error, unexpected 'testimonials' (T_STRING), expecting ']' in /home/codemymobile/Downloads/wordpress-5.2.1/wordpress/wp-content/themes/storefront/functions.php on line 48

2019-06-26T14:59:51+00:00 CRITICAL syntax error, unexpected 'testimonials' (T_STRING), expecting ']' in /home/codemymobile/Downloads/wordpress-5.2.1/wordpress/wp-content/themes/storefront/functions.php on line 48

2019-06-26T14:59:52+00:00 CRITICAL syntax error, unexpected 'testimonials' (T_STRING), expecting ']' in /home/codemymobile/Downloads/wordpress-5.2.1/wordpress/wp-content/themes/storefront/functions.php on line 48

